<?xml version="1.0" encoding="UTF-8"?>
<testng-results ignored="0" total="1" passed="1" failed="0" skipped="0">
  <reporter-output>
  </reporter-output>
  <suite started-at="2021-01-15T05:39:51 IST" name="Default suite" finished-at="2021-01-15T05:40:30 IST" duration-ms="38811">
    <groups>
    </groups>
    <test started-at="2021-01-15T05:39:51 IST" name="Default test" finished-at="2021-01-15T05:40:30 IST" duration-ms="38811">
      <class name="org.testing.testScripts_PropertiesFile.TC1">
        <test-method is-config="true" signature="launchBrowser()[pri:0, instance:org.testing.testScripts_PropertiesFile.TC1@44a7bfbc]" started-at="2021-01-15T05:39:51 IST" name="launchBrowser" finished-at="2021-01-15T05:40:07 IST" duration-ms="15975" status="PASS">
          <reporter-output>
          </reporter-output>
        </test-method> <!-- launchBrowser -->
        <test-method signature="testTrending()[pri:0, instance:org.testing.testScripts_PropertiesFile.TC1@44a7bfbc]" started-at="2021-01-15T05:40:07 IST" name="testTrending" finished-at="2021-01-15T05:40:30 IST" duration-ms="22693" status="PASS">
          <reporter-output>
          </reporter-output>
        </test-method> <!-- testTrending -->
        <test-method is-config="true" signature="closeBrowser()[pri:0, instance:org.testing.testScripts_PropertiesFile.TC1@44a7bfbc]" started-at="2021-01-15T05:40:30 IST" name="closeBrowser" finished-at="2021-01-15T05:40:30 IST" duration-ms="103" status="PASS">
          <reporter-output>
          </reporter-output>
        </test-method> <!-- closeBrowser -->
      </class> <!-- org.testing.testScripts_PropertiesFile.TC1 -->
    </test> <!-- Default test -->
  </suite> <!-- Default suite -->
</testng-results>
